<?xml version="1.0" encoding="UTF-8"?>
<!-- Generated by org.testng.reporters.JUnitXMLReporter -->
<testsuite ignored="6" hostname="DESKTOP-EFLV044" failures="0" tests="5" name="Test" time="64.24" errors="0" timestamp="2023-07-14T11:49:55 IST">
  <testcase classname="homerental_automationTest.RegisterUserToApplicationInPOMTest" name="registerUserTest" time="5.873"/>
  <testcase classname="homerental_automationTest.UpdateHomeInPOMTest" name="updateHomeTest" time="8.454"/>
  <testcase classname="homerental_automationTest.RegisterHomeInPOMTest" name="registerHomeTest" time="23.473">
    <skipped/>
  </testcase> <!-- registerHomeTest -->
  <testcase classname="homerental_automationTest.RegisterHomeInPOMTest" name="registerHomeTest" time="7.914"/>
  <testcase classname="homerental_automationTest.ComplaintInPOMTest" name="complaintTest" time="4.432"/>
  <testcase classname="com.houserental.genericutility.BaseClass" name="@BeforeSuite connectToDB" time="0.0">
    <ignored/>
  </testcase> <!-- @BeforeSuite connectToDB -->
  <testcase classname="com.houserental.genericutility.BaseClass" name="@BeforeSuite connectToDB" time="0.0">
    <ignored/>
  </testcase> <!-- @BeforeSuite connectToDB -->
  <testcase classname="com.houserental.genericutility.BaseClass" name="@BeforeSuite connectToDB" time="0.0">
    <ignored/>
  </testcase> <!-- @BeforeSuite connectToDB -->
  <testcase classname="com.houserental.genericutility.BaseClass" name="@AfterSuite closeDB" time="0.0">
    <ignored/>
  </testcase> <!-- @AfterSuite closeDB -->
  <testcase classname="com.houserental.genericutility.BaseClass" name="@AfterSuite closeDB" time="0.0">
    <ignored/>
  </testcase> <!-- @AfterSuite closeDB -->
  <testcase classname="com.houserental.genericutility.BaseClass" name="@AfterSuite closeDB" time="0.0">
    <ignored/>
  </testcase> <!-- @AfterSuite closeDB -->
</testsuite> <!-- Test -->
