<?xml version="1.0" encoding="UTF-8"?>
<testng-results retried="1" ignored="6" total="11" passed="4" failed="0" skipped="0">
  <reporter-output>
    <line>
      <![CDATA[connected to database]]>
    </line>
    <line>
      <![CDATA[Browser is launched]]>
    </line>
    <line>
      <![CDATA[user id is verified and pass]]>
    </line>
    <line>
      <![CDATA[logout successfully]]>
    </line>
    <line>
      <![CDATA[browser is closed]]>
    </line>
    <line>
      <![CDATA[Browser is launched]]>
    </line>
    <line>
      <![CDATA[data is updated in details page and pass]]>
    </line>
    <line>
      <![CDATA[data is updated in searched page and pass]]>
    </line>
    <line>
      <![CDATA[data is updated in admin apartment list page and pass]]>
    </line>
    <line>
      <![CDATA[logout successfully]]>
    </line>
    <line>
      <![CDATA[browser is closed]]>
    </line>
    <line>
      <![CDATA[Browser is launched]]>
    </line>
    <line>
      <![CDATA[logout successfully]]>
    </line>
    <line>
      <![CDATA[user registered home is verified and pass]]>
    </line>
    <line>
      <![CDATA[user registered home is verified and pass]]>
    </line>
    <line>
      <![CDATA[user registered home is verified in searched page and pass]]>
    </line>
    <line>
      <![CDATA[user registered home is verified in admin home page and pass]]>
    </line>
    <line>
      <![CDATA[user registered home is verified in admin details page and pass]]>
    </line>
    <line>
      <![CDATA[logout successfully]]>
    </line>
    <line>
      <![CDATA[browser is closed]]>
    </line>
    <line>
      <![CDATA[Browser is launched]]>
    </line>
    <line>
      <![CDATA[complaint sent successfully]]>
    </line>
    <line>
      <![CDATA[user raised complaint is present in admin complaint list]]>
    </line>
    <line>
      <![CDATA[logout successfully]]>
    </line>
    <line>
      <![CDATA[browser is closed]]>
    </line>
    <line>
      <![CDATA[Database connection is closed]]>
    </line>
  </reporter-output>
  <suite started-at="2023-07-14T11:48:51 IST" name="Suite" finished-at="2023-07-14T11:49:55 IST" duration-ms="64240">
    <groups>
      <group name="regressiontest">
        <method signature="RegisterUserToApplicationInPOMTest.registerUserTest()[pri:0, instance:homerental_automationTest.RegisterUserToApplicationInPOMTest@74f0ea28]" name="registerUserTest" class="homerental_automationTest.RegisterUserToApplicationInPOMTest"/>
        <method signature="UpdateHomeInPOMTest.updateHomeTest()[pri:0, instance:homerental_automationTest.UpdateHomeInPOMTest@55b699ef]" name="updateHomeTest" class="homerental_automationTest.UpdateHomeInPOMTest"/>
      </group> <!-- regressiontest -->
      <group name="smoketest">
        <method signature="ComplaintInPOMTest.complaintTest()[pri:0, instance:homerental_automationTest.ComplaintInPOMTest@689604d9]" name="complaintTest" class="homerental_automationTest.ComplaintInPOMTest"/>
        <method signature="RegisterHomeInPOMTest.registerHomeTest()[pri:0, instance:homerental_automationTest.RegisterHomeInPOMTest@35d019a3]" name="registerHomeTest" class="homerental_automationTest.RegisterHomeInPOMTest"/>
        <method signature="RegisterUserToApplicationInPOMTest.registerUserTest()[pri:0, instance:homerental_automationTest.RegisterUserToApplicationInPOMTest@74f0ea28]" name="registerUserTest" class="homerental_automationTest.RegisterUserToApplicationInPOMTest"/>
        <method signature="UpdateHomeInPOMTest.updateHomeTest()[pri:0, instance:homerental_automationTest.UpdateHomeInPOMTest@55b699ef]" name="updateHomeTest" class="homerental_automationTest.UpdateHomeInPOMTest"/>
      </group> <!-- smoketest -->
    </groups>
    <test started-at="2023-07-14T11:48:51 IST" name="Test" finished-at="2023-07-14T11:49:55 IST" duration-ms="64240">
      <class name="homerental_automationTest.RegisterUserToApplicationInPOMTest">
        <test-method is-config="true" signature="connectToDB()[pri:0, instance:homerental_automationTest.RegisterUserToApplicationInPOMTest@74f0ea28]" started-at="2023-07-14T11:48:51 IST" name="connectToDB" finished-at="2023-07-14T11:48:51 IST" duration-ms="26" status="PASS">
          <reporter-output>
            <line>
              <![CDATA[connected to database]]>
            </line>
          </reporter-output>
        </test-method> <!-- connectToDB -->
        <test-method is-config="true" signature="launchTheBrowser()[pri:0, instance:homerental_automationTest.RegisterUserToApplicationInPOMTest@74f0ea28]" started-at="2023-07-14T11:48:51 IST" name="launchTheBrowser" finished-at="2023-07-14T11:48:54 IST" duration-ms="3233" status="PASS">
          <reporter-output>
            <line>
              <![CDATA[Browser is launched]]>
            </line>
          </reporter-output>
        </test-method> <!-- launchTheBrowser -->
        <test-method is-config="true" signature="loginToApplication()[pri:0, instance:homerental_automationTest.RegisterUserToApplicationInPOMTest@74f0ea28]" started-at="2023-07-14T11:48:54 IST" name="loginToApplication" finished-at="2023-07-14T11:48:55 IST" duration-ms="628" status="PASS">
          <reporter-output>
          </reporter-output>
        </test-method> <!-- loginToApplication -->
        <test-method signature="registerUserTest()[pri:0, instance:homerental_automationTest.RegisterUserToApplicationInPOMTest@74f0ea28]" started-at="2023-07-14T11:48:55 IST" name="registerUserTest" finished-at="2023-07-14T11:49:00 IST" duration-ms="5873" status="PASS">
          <reporter-output>
            <line>
              <![CDATA[user id is verified and pass]]>
            </line>
          </reporter-output>
        </test-method> <!-- registerUserTest -->
        <test-method is-config="true" signature="logoutFromTheApplication()[pri:0, instance:homerental_automationTest.RegisterUserToApplicationInPOMTest@74f0ea28]" started-at="2023-07-14T11:49:00 IST" name="logoutFromTheApplication" finished-at="2023-07-14T11:49:01 IST" duration-ms="186" status="PASS">
          <reporter-output>
            <line>
              <![CDATA[logout successfully]]>
            </line>
          </reporter-output>
        </test-method> <!-- logoutFromTheApplication -->
        <test-method is-config="true" signature="closeTheBrowser()[pri:0, instance:homerental_automationTest.RegisterUserToApplicationInPOMTest@74f0ea28]" started-at="2023-07-14T11:49:01 IST" name="closeTheBrowser" finished-at="2023-07-14T11:49:01 IST" duration-ms="274" status="PASS">
          <reporter-output>
            <line>
              <![CDATA[browser is closed]]>
            </line>
          </reporter-output>
        </test-method> <!-- closeTheBrowser -->
        <test-method is-config="true" signature="closeDB()[pri:0, instance:homerental_automationTest.RegisterUserToApplicationInPOMTest@74f0ea28]" started-at="2023-07-14T11:49:55 IST" name="closeDB" finished-at="2023-07-14T11:49:55 IST" duration-ms="1" status="PASS">
          <reporter-output>
            <line>
              <![CDATA[Database connection is closed]]>
            </line>
          </reporter-output>
        </test-method> <!-- closeDB -->
      </class> <!-- homerental_automationTest.RegisterUserToApplicationInPOMTest -->
      <class name="homerental_automationTest.RegisterHomeInPOMTest">
        <test-method is-config="true" signature="launchTheBrowser()[pri:0, instance:homerental_automationTest.RegisterHomeInPOMTest@35d019a3]" started-at="2023-07-14T11:49:12 IST" name="launchTheBrowser" finished-at="2023-07-14T11:49:14 IST" duration-ms="2387" status="PASS">
          <reporter-output>
            <line>
              <![CDATA[Browser is launched]]>
            </line>
          </reporter-output>
        </test-method> <!-- launchTheBrowser -->
        <test-method is-config="true" signature="loginToApplication()[pri:0, instance:homerental_automationTest.RegisterHomeInPOMTest@35d019a3]" started-at="2023-07-14T11:49:14 IST" name="loginToApplication" finished-at="2023-07-14T11:49:15 IST" duration-ms="658" status="PASS">
          <reporter-output>
          </reporter-output>
        </test-method> <!-- loginToApplication -->
        <test-method retried="true" signature="registerHomeTest()[pri:0, instance:homerental_automationTest.RegisterHomeInPOMTest@35d019a3]" started-at="2023-07-14T11:49:15 IST" name="registerHomeTest" finished-at="2023-07-14T11:49:39 IST" duration-ms="23473" status="SKIP">
          <exception class="org.openqa.selenium.NoSuchElementException">
            <message>
              <![CDATA[no such element: Unable to locate element: {"method":"xpath","selector":"//p[text()='jack51']"}
  (Session info: chrome=114.0.5735.199)
For documentation on this error, please visit: https://selenium.dev/exceptions/#no_such_element
Build info: version: '4.9.1', revision: 'eb2032df7f'
System info: os.name: 'Windows 11', os.arch: 'amd64', os.version: '10.0', java.version: '19.0.1'
Driver info: org.openqa.selenium.chrome.ChromeDriver
Command: [06d265aafc976214d1335b526839c3fa, findElement {using=xpath, value=//p[text()='jack51']}]
Capabilities {acceptInsecureCerts: false, browserName: chrome, browserVersion: 114.0.5735.199, chrome: {chromedriverVersion: 114.0.5735.90 (386bc09e8f4f..., userDataDir: C:\Users\mkits\AppData\Loca...}, goog:chromeOptions: {debuggerAddress: localhost:50714}, networkConnectionEnabled: false, pageLoadStrategy: normal, platformName: windows, proxy: Proxy(), se:cdp: ws://localhost:50714/devtoo..., se:cdpVersion: 114.0.5735.199, setWindowRect: true, strictFileInteractability: false, timeouts: {implicit: 0, pageLoad: 300000, script: 30000}, unhandledPromptBehavior: dismiss and notify, webauthn:extension:credBlob: true, webauthn:extension:largeBlob: true, webauthn:extension:minPinLength: true, webauthn:extension:prf: true, webauthn:virtualAuthenticators: true}
Session ID: 06d265aafc976214d1335b526839c3fa]]>
            </message>
            <full-stacktrace>
              <![CDATA[org.openqa.selenium.NoSuchElementException: no such element: Unable to locate element: {"method":"xpath","selector":"//p[text()='jack51']"}
  (Session info: chrome=114.0.5735.199)
For documentation on this error, please visit: https://selenium.dev/exceptions/#no_such_element
Build info: version: '4.9.1', revision: 'eb2032df7f'
System info: os.name: 'Windows 11', os.arch: 'amd64', os.version: '10.0', java.version: '19.0.1'
Driver info: org.openqa.selenium.chrome.ChromeDriver
Command: [06d265aafc976214d1335b526839c3fa, findElement {using=xpath, value=//p[text()='jack51']}]
Capabilities {acceptInsecureCerts: false, browserName: chrome, browserVersion: 114.0.5735.199, chrome: {chromedriverVersion: 114.0.5735.90 (386bc09e8f4f..., userDataDir: C:\Users\mkits\AppData\Loca...}, goog:chromeOptions: {debuggerAddress: localhost:50714}, networkConnectionEnabled: false, pageLoadStrategy: normal, platformName: windows, proxy: Proxy(), se:cdp: ws://localhost:50714/devtoo..., se:cdpVersion: 114.0.5735.199, setWindowRect: true, strictFileInteractability: false, timeouts: {implicit: 0, pageLoad: 300000, script: 30000}, unhandledPromptBehavior: dismiss and notify, webauthn:extension:credBlob: true, webauthn:extension:largeBlob: true, webauthn:extension:minPinLength: true, webauthn:extension:prf: true, webauthn:virtualAuthenticators: true}
Session ID: 06d265aafc976214d1335b526839c3fa
at java.base/jdk.internal.reflect.DirectConstructorHandleAccessor.newInstance(DirectConstructorHandleAccessor.java:67)
at java.base/java.lang.reflect.Constructor.newInstanceWithCaller(Constructor.java:500)
at java.base/java.lang.reflect.Constructor.newInstance(Constructor.java:484)
at org.openqa.selenium.remote.codec.w3c.W3CHttpResponseCodec.createException(W3CHttpResponseCodec.java:200)
at org.openqa.selenium.remote.codec.w3c.W3CHttpResponseCodec.decode(W3CHttpResponseCodec.java:133)
at org.openqa.selenium.remote.codec.w3c.W3CHttpResponseCodec.decode(W3CHttpResponseCodec.java:53)
at org.openqa.selenium.remote.HttpCommandExecutor.execute(HttpCommandExecutor.java:193)
at org.openqa.selenium.remote.service.DriverCommandExecutor.invokeExecute(DriverCommandExecutor.java:183)
at org.openqa.selenium.remote.service.DriverCommandExecutor.execute(DriverCommandExecutor.java:158)
at org.openqa.selenium.remote.RemoteWebDriver.execute(RemoteWebDriver.java:543)
at org.openqa.selenium.remote.ElementLocation$ElementFinder$2.findElement(ElementLocation.java:162)
at org.openqa.selenium.remote.ElementLocation.findElement(ElementLocation.java:60)
at org.openqa.selenium.remote.RemoteWebDriver.findElement(RemoteWebDriver.java:352)
at org.openqa.selenium.remote.RemoteWebDriver.findElement(RemoteWebDriver.java:344)
at com.realestate.houseRentalObjectRepository.UserApartmentListPage.getVerifyRegisteredRoom(UserApartmentListPage.java:35)
at homerental_automationTest.RegisterHomeInPOMTest.registerHomeTest(RegisterHomeInPOMTest.java:68)
at java.base/jdk.internal.reflect.DirectMethodHandleAccessor.invoke(DirectMethodHandleAccessor.java:104)
at java.base/java.lang.reflect.Method.invoke(Method.java:578)
at org.testng.internal.MethodInvocationHelper.invokeMethod(MethodInvocationHelper.java:133)
at org.testng.internal.TestInvoker.invokeMethod(TestInvoker.java:598)
at org.testng.internal.TestInvoker.invokeTestMethod(TestInvoker.java:173)
at org.testng.internal.MethodRunner.runInSequence(MethodRunner.java:46)
at org.testng.internal.TestInvoker$MethodInvocationAgent.invoke(TestInvoker.java:824)
at org.testng.internal.TestInvoker.invokeTestMethods(TestInvoker.java:146)
at org.testng.internal.TestMethodWorker.invokeTestMethods(TestMethodWorker.java:146)
at org.testng.internal.TestMethodWorker.run(TestMethodWorker.java:128)
at java.base/java.util.ArrayList.forEach(ArrayList.java:1511)
at org.testng.TestRunner.privateRun(TestRunner.java:794)
at org.testng.TestRunner.run(TestRunner.java:596)
at org.testng.SuiteRunner.runTest(SuiteRunner.java:377)
at org.testng.SuiteRunner.runSequentially(SuiteRunner.java:371)
at org.testng.SuiteRunner.privateRun(SuiteRunner.java:332)
at org.testng.SuiteRunner.run(SuiteRunner.java:276)
at org.testng.SuiteRunnerWorker.runSuite(SuiteRunnerWorker.java:53)
at org.testng.SuiteRunnerWorker.run(SuiteRunnerWorker.java:96)
at org.testng.TestNG.runSuitesSequentially(TestNG.java:1212)
at org.testng.TestNG.runSuitesLocally(TestNG.java:1134)
at org.testng.TestNG.runSuites(TestNG.java:1063)
at org.testng.TestNG.run(TestNG.java:1031)
at org.testng.remote.AbstractRemoteTestNG.run(AbstractRemoteTestNG.java:115)
at org.testng.remote.RemoteTestNG.initAndRun(RemoteTestNG.java:251)
at org.testng.remote.RemoteTestNG.main(RemoteTestNG.java:77)
]]>
            </full-stacktrace>
          </exception> <!-- org.openqa.selenium.NoSuchElementException -->
          <reporter-output>
          </reporter-output>
        </test-method> <!-- registerHomeTest -->
        <test-method is-config="true" signature="logoutFromTheApplication()[pri:0, instance:homerental_automationTest.RegisterHomeInPOMTest@35d019a3]" started-at="2023-07-14T11:49:39 IST" name="logoutFromTheApplication" finished-at="2023-07-14T11:49:39 IST" duration-ms="206" status="PASS">
          <reporter-output>
            <line>
              <![CDATA[logout successfully]]>
            </line>
          </reporter-output>
        </test-method> <!-- logoutFromTheApplication -->
        <test-method is-config="true" signature="loginToApplication()[pri:0, instance:homerental_automationTest.RegisterHomeInPOMTest@35d019a3]" started-at="2023-07-14T11:49:39 IST" name="loginToApplication" finished-at="2023-07-14T11:49:39 IST" duration-ms="628" status="PASS">
          <reporter-output>
          </reporter-output>
        </test-method> <!-- loginToApplication -->
        <test-method signature="registerHomeTest()[pri:0, instance:homerental_automationTest.RegisterHomeInPOMTest@35d019a3]" started-at="2023-07-14T11:49:39 IST" name="registerHomeTest" finished-at="2023-07-14T11:49:47 IST" duration-ms="7914" status="PASS">
          <reporter-output>
            <line>
              <![CDATA[user registered home is verified and pass]]>
            </line>
            <line>
              <![CDATA[user registered home is verified and pass]]>
            </line>
            <line>
              <![CDATA[user registered home is verified in searched page and pass]]>
            </line>
            <line>
              <![CDATA[user registered home is verified in admin home page and pass]]>
            </line>
            <line>
              <![CDATA[user registered home is verified in admin details page and pass]]>
            </line>
          </reporter-output>
        </test-method> <!-- registerHomeTest -->
        <test-method is-config="true" signature="logoutFromTheApplication()[pri:0, instance:homerental_automationTest.RegisterHomeInPOMTest@35d019a3]" started-at="2023-07-14T11:49:47 IST" name="logoutFromTheApplication" finished-at="2023-07-14T11:49:48 IST" duration-ms="205" status="PASS">
          <reporter-output>
            <line>
              <![CDATA[logout successfully]]>
            </line>
          </reporter-output>
        </test-method> <!-- logoutFromTheApplication -->
        <test-method is-config="true" signature="closeTheBrowser()[pri:0, instance:homerental_automationTest.RegisterHomeInPOMTest@35d019a3]" started-at="2023-07-14T11:49:48 IST" name="closeTheBrowser" finished-at="2023-07-14T11:49:48 IST" duration-ms="315" status="PASS">
          <reporter-output>
            <line>
              <![CDATA[browser is closed]]>
            </line>
          </reporter-output>
        </test-method> <!-- closeTheBrowser -->
      </class> <!-- homerental_automationTest.RegisterHomeInPOMTest -->
      <class name="homerental_automationTest.UpdateHomeInPOMTest">
        <test-method is-config="true" signature="launchTheBrowser()[pri:0, instance:homerental_automationTest.UpdateHomeInPOMTest@55b699ef]" started-at="2023-07-14T11:49:01 IST" name="launchTheBrowser" finished-at="2023-07-14T11:49:03 IST" duration-ms="1647" status="PASS">
          <reporter-output>
            <line>
              <![CDATA[Browser is launched]]>
            </line>
          </reporter-output>
        </test-method> <!-- launchTheBrowser -->
        <test-method is-config="true" signature="loginToApplication()[pri:0, instance:homerental_automationTest.UpdateHomeInPOMTest@55b699ef]" started-at="2023-07-14T11:49:03 IST" name="loginToApplication" finished-at="2023-07-14T11:49:03 IST" duration-ms="579" status="PASS">
          <reporter-output>
          </reporter-output>
        </test-method> <!-- loginToApplication -->
        <test-method signature="updateHomeTest()[pri:0, instance:homerental_automationTest.UpdateHomeInPOMTest@55b699ef]" started-at="2023-07-14T11:49:03 IST" name="updateHomeTest" finished-at="2023-07-14T11:49:12 IST" duration-ms="8454" status="PASS">
          <reporter-output>
            <line>
              <![CDATA[data is updated in details page and pass]]>
            </line>
            <line>
              <![CDATA[data is updated in searched page and pass]]>
            </line>
            <line>
              <![CDATA[data is updated in admin apartment list page and pass]]>
            </line>
          </reporter-output>
        </test-method> <!-- updateHomeTest -->
        <test-method is-config="true" signature="logoutFromTheApplication()[pri:0, instance:homerental_automationTest.UpdateHomeInPOMTest@55b699ef]" started-at="2023-07-14T11:49:12 IST" name="logoutFromTheApplication" finished-at="2023-07-14T11:49:12 IST" duration-ms="211" status="PASS">
          <reporter-output>
            <line>
              <![CDATA[logout successfully]]>
            </line>
          </reporter-output>
        </test-method> <!-- logoutFromTheApplication -->
        <test-method is-config="true" signature="closeTheBrowser()[pri:0, instance:homerental_automationTest.UpdateHomeInPOMTest@55b699ef]" started-at="2023-07-14T11:49:12 IST" name="closeTheBrowser" finished-at="2023-07-14T11:49:12 IST" duration-ms="279" status="PASS">
          <reporter-output>
            <line>
              <![CDATA[browser is closed]]>
            </line>
          </reporter-output>
        </test-method> <!-- closeTheBrowser -->
      </class> <!-- homerental_automationTest.UpdateHomeInPOMTest -->
      <class name="homerental_automationTest.ComplaintInPOMTest">
        <test-method is-config="true" signature="launchTheBrowser()[pri:0, instance:homerental_automationTest.ComplaintInPOMTest@689604d9]" started-at="2023-07-14T11:49:48 IST" name="launchTheBrowser" finished-at="2023-07-14T11:49:49 IST" duration-ms="1553" status="PASS">
          <reporter-output>
            <line>
              <![CDATA[Browser is launched]]>
            </line>
          </reporter-output>
        </test-method> <!-- launchTheBrowser -->
        <test-method is-config="true" signature="loginToApplication()[pri:0, instance:homerental_automationTest.ComplaintInPOMTest@689604d9]" started-at="2023-07-14T11:49:49 IST" name="loginToApplication" finished-at="2023-07-14T11:49:50 IST" duration-ms="595" status="PASS">
          <reporter-output>
          </reporter-output>
        </test-method> <!-- loginToApplication -->
        <test-method signature="complaintTest()[pri:0, instance:homerental_automationTest.ComplaintInPOMTest@689604d9]" started-at="2023-07-14T11:49:50 IST" name="complaintTest" finished-at="2023-07-14T11:49:54 IST" duration-ms="4432" status="PASS">
          <reporter-output>
            <line>
              <![CDATA[complaint sent successfully]]>
            </line>
            <line>
              <![CDATA[user raised complaint is present in admin complaint list]]>
            </line>
          </reporter-output>
        </test-method> <!-- complaintTest -->
        <test-method is-config="true" signature="logoutFromTheApplication()[pri:0, instance:homerental_automationTest.ComplaintInPOMTest@689604d9]" started-at="2023-07-14T11:49:54 IST" name="logoutFromTheApplication" finished-at="2023-07-14T11:49:55 IST" duration-ms="179" status="PASS">
          <reporter-output>
            <line>
              <![CDATA[logout successfully]]>
            </line>
          </reporter-output>
        </test-method> <!-- logoutFromTheApplication -->
        <test-method is-config="true" signature="closeTheBrowser()[pri:0, instance:homerental_automationTest.ComplaintInPOMTest@689604d9]" started-at="2023-07-14T11:49:55 IST" name="closeTheBrowser" finished-at="2023-07-14T11:49:55 IST" duration-ms="252" status="PASS">
          <reporter-output>
            <line>
              <![CDATA[browser is closed]]>
            </line>
          </reporter-output>
        </test-method> <!-- closeTheBrowser -->
      </class> <!-- homerental_automationTest.ComplaintInPOMTest -->
    </test> <!-- Test -->
  </suite> <!-- Suite -->
</testng-results>
